app/build/intermediates/manifest_merge_blame_file/release/processReleaseMainManifest/manifest-merger-blame-release-report.txt
1<?xml version="1.0" encoding="utf-8"?>
2<manifest xmlns:android="http://schemas.android.com/apk/res/android"
3    package="com.rajendrajoshiofficial.steganic"
4    android:versionCode="1"
5    android:versionName="1.0" >
6
7    <uses-sdk
7-->INJECTED
8        android:minSdkVersion="26"
8-->INJECTED
9        android:targetSdkVersion="34" />
9-->INJECTED
10
11    <uses-permission android:name="android.permission.READ_MEDIA_IMAGES" />
11-->src\main\AndroidManifest.xml:5:5-76
11-->src\main\AndroidManifest.xml:5:22-73
12    <uses-permission
12-->src\main\AndroidManifest.xml:6:5-107
13        android:name="android.permission.READ_EXTERNAL_STORAGE"
13-->src\main\AndroidManifest.xml:6:22-77
14        android:maxSdkVersion="32" />
14-->src\main\AndroidManifest.xml:6:78-104
15    <uses-permission
15-->src\main\AndroidManifest.xml:7:5-108
16        android:name="android.permission.WRITE_EXTERNAL_STORAGE"
16-->src\main\AndroidManifest.xml:7:22-78
17        android:maxSdkVersion="29" />
17-->src\main\AndroidManifest.xml:7:79-105
18
19    <uses-feature
19-->src\main\AndroidManifest.xml:8:5-89
20        android:name="android.hardware.camera.any"
20-->src\main\AndroidManifest.xml:8:19-61
21        android:required="false" />
21-->src\main\AndroidManifest.xml:8:62-86
22
23    <uses-permission android:name="android.permission.USE_BIOMETRIC" /> <!-- suppress DeprecatedClassUsageInspection -->
23-->[androidx.biometric:biometric:1.1.0] AndroidManifest.xml:24:5-72
23-->[androidx.biometric:biometric:1.1.0] AndroidManifest.xml:24:22-69
24    <uses-permission android:name="android.permission.USE_FINGERPRINT" />
24-->[androidx.biometric:biometric:1.1.0] AndroidManifest.xml:27:5-74
24-->[androidx.biometric:biometric:1.1.0] AndroidManifest.xml:27:22-71
25
26    <permission
26-->[androidx.core:core:1.12.0] AndroidManifest.xml:22:5-24:47
27        android:name="com.rajendrajoshiofficial.steganic.DYNAMIC_RECEIVER_NOT_EXPORTED_PERMISSION"
27-->[androidx.core:core:1.12.0] AndroidManifest.xml:23:9-81
28        android:protectionLevel="signature" />
28-->[androidx.core:core:1.12.0] AndroidManifest.xml:24:9-44
29
30    <uses-permission android:name="com.rajendrajoshiofficial.steganic.DYNAMIC_RECEIVER_NOT_EXPORTED_PERMISSION" />
30-->[androidx.core:core:1.12.0] AndroidManifest.xml:26:5-97
30-->[androidx.core:core:1.12.0] AndroidManifest.xml:26:22-94
31
32    <application
32-->src\main\AndroidManifest.xml:10:5-74:19
33        android:allowBackup="true"
33-->src\main\AndroidManifest.xml:11:9-35
34        android:appComponentFactory="androidx.core.app.CoreComponentFactory"
34-->[androidx.core:core:1.12.0] AndroidManifest.xml:28:18-86
35        android:dataExtractionRules="@xml/data_extraction_rules"
35-->src\main\AndroidManifest.xml:12:9-65
36        android:extractNativeLibs="false"
36-->INJECTED
37        android:fullBackupContent="@xml/backup_rules"
37-->src\main\AndroidManifest.xml:13:9-54
38        android:icon="@drawable/ic_steganic_logo"
38-->src\main\AndroidManifest.xml:14:9-50
39        android:label="@string/app_name"
39-->src\main\AndroidManifest.xml:15:9-41
40        android:roundIcon="@drawable/ic_steganic_logo"
40-->src\main\AndroidManifest.xml:16:9-55
41        android:supportsRtl="true"
41-->src\main\AndroidManifest.xml:17:9-35
42        android:theme="@style/Theme.App.Starting" >
42-->src\main\AndroidManifest.xml:18:9-50
43        <activity
43-->src\main\AndroidManifest.xml:21:9-32:20
44            android:name="com.rajendrajoshiofficial.steganic.MainActivity"
44-->src\main\AndroidManifest.xml:22:13-41
45            android:exported="true"
45-->src\main\AndroidManifest.xml:23:13-36
46            android:theme="@style/Theme.App.Starting" >
46-->src\main\AndroidManifest.xml:24:13-54
47            <intent-filter>
47-->src\main\AndroidManifest.xml:25:13-31:29
48                <action android:name="android.intent.action.SEND" />
48-->src\main\AndroidManifest.xml:26:17-69
48-->src\main\AndroidManifest.xml:26:25-66
49
50                <category android:name="android.intent.category.DEFAULT" />
50-->src\main\AndroidManifest.xml:27:17-76
50-->src\main\AndroidManifest.xml:27:27-73
51
52                <data android:mimeType="image/*" />
52-->src\main\AndroidManifest.xml:28:17-52
52-->src\main\AndroidManifest.xml:28:23-49
53                <data android:mimeType="audio/*" />
53-->src\main\AndroidManifest.xml:28:17-52
53-->src\main\AndroidManifest.xml:28:23-49
54                <data android:mimeType="video/*" />
54-->src\main\AndroidManifest.xml:28:17-52
54-->src\main\AndroidManifest.xml:28:23-49
55            </intent-filter>
56        </activity>
57
58        <activity-alias
58-->src\main\AndroidManifest.xml:49:9-62:26
59            android:name="com.rajendrajoshiofficial.steganic.CalculatorLauncher"
59-->src\main\AndroidManifest.xml:50:13-47
60            android:enabled="false"
60-->src\main\AndroidManifest.xml:51:13-36
61            android:exported="true"
61-->src\main\AndroidManifest.xml:52:13-36
62            android:icon="@drawable/ic_calculator_logo"
62-->src\main\AndroidManifest.xml:53:13-56
63            android:label="Calculator"
63-->src\main\AndroidManifest.xml:55:13-39
64            android:roundIcon="@drawable/ic_calculator_logo"
64-->src\main\AndroidManifest.xml:54:13-61
65            android:targetActivity="com.rajendrajoshiofficial.steganic.MainActivity"
65-->src\main\AndroidManifest.xml:57:13-51
66            android:theme="@style/Theme.App.Starting" >
66-->src\main\AndroidManifest.xml:56:13-54
67            <intent-filter>
67-->src\main\AndroidManifest.xml:43:13-46:29
68                <action android:name="android.intent.action.MAIN" />
68-->src\main\AndroidManifest.xml:44:17-69
68-->src\main\AndroidManifest.xml:44:25-66
69
70                <category android:name="android.intent.category.LAUNCHER" />
70-->src\main\AndroidManifest.xml:45:17-77
70-->src\main\AndroidManifest.xml:45:27-74
71            </intent-filter>
72        </activity-alias>
73        <activity-alias
73-->src\main\AndroidManifest.xml:34:9-47:26
74            android:name="com.rajendrajoshiofficial.steganic.StegaNicLauncher"
74-->src\main\AndroidManifest.xml:35:13-45
75            android:enabled="true"
75-->src\main\AndroidManifest.xml:36:13-35
76            android:exported="true"
76-->src\main\AndroidManifest.xml:37:13-36
77            android:icon="@drawable/ic_steganic_logo"
77-->src\main\AndroidManifest.xml:38:13-54
78            android:label="@string/app_name"
78-->src\main\AndroidManifest.xml:40:13-45
79            android:roundIcon="@drawable/ic_steganic_logo"
79-->src\main\AndroidManifest.xml:39:13-59
80            android:targetActivity="com.rajendrajoshiofficial.steganic.MainActivity"
80-->src\main\AndroidManifest.xml:42:13-51
81            android:theme="@style/Theme.App.Starting" >
81-->src\main\AndroidManifest.xml:41:13-54
82            <intent-filter>
82-->src\main\AndroidManifest.xml:43:13-46:29
83                <action android:name="android.intent.action.MAIN" />
83-->src\main\AndroidManifest.xml:44:17-69
83-->src\main\AndroidManifest.xml:44:25-66
84
85                <category android:name="android.intent.category.LAUNCHER" />
85-->src\main\AndroidManifest.xml:45:17-77
85-->src\main\AndroidManifest.xml:45:27-74
86            </intent-filter>
87        </activity-alias>
88
89        <provider
89-->INJECTED
90            android:name="androidx.core.content.FileProvider"
90-->src\main\AndroidManifest.xml:65:13-62
91            android:authorities="com.rajendrajoshiofficial.steganic.fileprovider"
91-->INJECTED
92            android:exported="false"
92-->src\main\AndroidManifest.xml:67:13-37
93            android:grantUriPermissions="true" >
93-->src\main\AndroidManifest.xml:68:13-47
94            <meta-data
94-->src\main\AndroidManifest.xml:69:13-71:54
95                android:name="android.support.FILE_PROVIDER_PATHS"
95-->src\main\AndroidManifest.xml:70:17-67
96                android:resource="@xml/file_paths" />
96-->src\main\AndroidManifest.xml:71:17-51
97        </provider>
98        <provider
98-->[androidx.emoji2:emoji2:1.4.0] AndroidManifest.xml:24:9-32:20
99            android:name="androidx.startup.InitializationProvider"
99-->[androidx.emoji2:emoji2:1.4.0] AndroidManifest.xml:25:13-67
100            android:authorities="com.rajendrajoshiofficial.steganic.androidx-startup"
100-->[androidx.emoji2:emoji2:1.4.0] AndroidManifest.xml:26:13-68
101            android:exported="false" >
101-->[androidx.emoji2:emoji2:1.4.0] AndroidManifest.xml:27:13-37
102            <meta-data
102-->[androidx.emoji2:emoji2:1.4.0] AndroidManifest.xml:29:13-31:52
103                android:name="androidx.emoji2.text.EmojiCompatInitializer"
103-->[androidx.emoji2:emoji2:1.4.0] AndroidManifest.xml:30:17-75
104                android:value="androidx.startup" />
104-->[androidx.emoji2:emoji2:1.4.0] AndroidManifest.xml:31:17-49
105            <meta-data
105-->[androidx.lifecycle:lifecycle-process:2.6.2] AndroidManifest.xml:29:13-31:52
106                android:name="androidx.lifecycle.ProcessLifecycleInitializer"
106-->[androidx.lifecycle:lifecycle-process:2.6.2] AndroidManifest.xml:30:17-78
107                android:value="androidx.startup" />
107-->[androidx.lifecycle:lifecycle-process:2.6.2] AndroidManifest.xml:31:17-49
108            <meta-data
108-->[androidx.profileinstaller:profileinstaller:1.3.0] AndroidManifest.xml:29:13-31:52
109                android:name="androidx.profileinstaller.ProfileInstallerInitializer"
109-->[androidx.profileinstaller:profileinstaller:1.3.0] AndroidManifest.xml:30:17-85
110                android:value="androidx.startup" />
110-->[androidx.profileinstaller:profileinstaller:1.3.0] AndroidManifest.xml:31:17-49
111        </provider>
112
113        <receiver
113-->[androidx.profileinstaller:profileinstaller:1.3.0] AndroidManifest.xml:34:9-52:20
114            android:name="androidx.profileinstaller.ProfileInstallReceiver"
114-->[androidx.profileinstaller:profileinstaller:1.3.0] AndroidManifest.xml:35:13-76
115            android:directBootAware="false"
115-->[androidx.profileinstaller:profileinstaller:1.3.0] AndroidManifest.xml:36:13-44
116            android:enabled="true"
116-->[androidx.profileinstaller:profileinstaller:1.3.0] AndroidManifest.xml:37:13-35
117            android:exported="true"
117-->[androidx.profileinstaller:profileinstaller:1.3.0] AndroidManifest.xml:38:13-36
118            android:permission="android.permission.DUMP" >
118-->[androidx.profileinstaller:profileinstaller:1.3.0] AndroidManifest.xml:39:13-57
119            <intent-filter>
119-->[androidx.profileinstaller:profileinstaller:1.3.0] AndroidManifest.xml:40:13-42:29
120                <action android:name="androidx.profileinstaller.action.INSTALL_PROFILE" />
120-->[androidx.profileinstaller:profileinstaller:1.3.0] AndroidManifest.xml:41:17-91
120-->[androidx.profileinstaller:profileinstaller:1.3.0] AndroidManifest.xml:41:25-88
121            </intent-filter>
122            <intent-filter>
122-->[androidx.profileinstaller:profileinstaller:1.3.0] AndroidManifest.xml:43:13-45:29
123                <action android:name="androidx.profileinstaller.action.SKIP_FILE" />
123-->[androidx.profileinstaller:profileinstaller:1.3.0] AndroidManifest.xml:44:17-85
123-->[androidx.profileinstaller:profileinstaller:1.3.0] AndroidManifest.xml:44:25-82
124            </intent-filter>
125            <intent-filter>
125-->[androidx.profileinstaller:profileinstaller:1.3.0] AndroidManifest.xml:46:13-48:29
126                <action android:name="androidx.profileinstaller.action.SAVE_PROFILE" />
126-->[androidx.profileinstaller:profileinstaller:1.3.0] AndroidManifest.xml:47:17-88
126-->[androidx.profileinstaller:profileinstaller:1.3.0] AndroidManifest.xml:47:25-85
127            </intent-filter>
128            <intent-filter>
128-->[androidx.profileinstaller:profileinstaller:1.3.0] AndroidManifest.xml:49:13-51:29
129                <action android:name="androidx.profileinstaller.action.BENCHMARK_OPERATION" />
129-->[androidx.profileinstaller:profileinstaller:1.3.0] AndroidManifest.xml:50:17-95
129-->[androidx.profileinstaller:profileinstaller:1.3.0] AndroidManifest.xml:50:25-92
130            </intent-filter>
131        </receiver>
132    </application>
133
134</manifest>